C51 COMPILER V9.60.0.0   HEAD                                                              05/21/2022 07:22:04 PAGE 1   


C51 COMPILER V9.60.0.0, COMPILATION OF MODULE HEAD
OBJECT MODULE PLACED IN .\Objects\head.obj
COMPILER INVOKED BY: C:\Keil\Keil_v5\C51\BIN\C51.EXE head.c OPTIMIZE(8,SPEED) BROWSE DEBUG OBJECTEXTEND PRINT(.\Listings
                    -\head.lst) TABS(2) OBJECT(.\Objects\head.obj)

line level    source

   1          #include "head.h"
   2          
   3          void delay_ms(u16 n)
   4          {
   5   1          u8 n1 = 23;
   6   1        
   7   1        n *= n1;
   8   1        while ( n-- );
   9   1      }


MODULE INFORMATION:   STATIC OVERLAYABLE
   CODE SIZE        =     18    ----
   CONSTANT SIZE    =   ----    ----
   XDATA SIZE       =   ----    ----
   PDATA SIZE       =   ----    ----
   DATA SIZE        =   ----    ----
   IDATA SIZE       =   ----    ----
   BIT SIZE         =   ----    ----
END OF MODULE INFORMATION.


C51 COMPILATION COMPLETE.  0 WARNING(S),  0 ERROR(S)
