C51 COMPILER V9.60.0.0   LCD1602                                                           05/24/2022 23:42:10 PAGE 1   


C51 COMPILER V9.60.0.0, COMPILATION OF MODULE LCD1602
OBJECT MODULE PLACED IN .\Objects\LCD1602.obj
COMPILER INVOKED BY: C:\Keil\Keil_v5\C51\BIN\C51.EXE LCD1602.c OPTIMIZE(8,SPEED) BROWSE DEBUG OBJECTEXTEND PRINT(.\Listi
                    -ngs\LCD1602.lst) TABS(2) OBJECT(.\Objects\LCD1602.obj)

line level    source

   1          #include "LCD1602.h"
   2          
   3          // 延时
   4          void delay_ms(u16 c)
   5          {
   6   1          u8 a, b;
   7   1          
   8   1          for (; c > 0; c-- ) {
   9   2              for ( b = 199; b > 0; b-- ) {
  10   3                  for ( a = 1; a > 0; a-- );
  11   3              }
  12   2          }
  13   1      }
  14          
  15          // 延时
  16          // static void delay_us(u16 n)
  17          // {
  18          //     while(n--);
  19          // }
  20          
  21          // 写指令
  22          void LCD_write_command(u8 cmd)
  23          {
  24   1          LCD_E  = 0;
  25   1          LCD_RS = 0;
  26   1          LCD_RW = 0;
  27   1      
  28   1          LCD_DB = cmd;
  29   1          delay_ms(1);    // tsp1: 地址建立时间
  30   1      
  31   1          
  32   1          LCD_E = 1;
  33   1          delay_ms(1);    // tpw: E脉宽
  34   1          LCD_E = 0;
  35   1      }
  36          
  37          // 写数据
  38          void LCD_write_data(u8 dat)
  39          {
  40   1          LCD_E  = 0;
  41   1          LCD_RS = 1;
  42   1          LCD_RW = 0;
  43   1      
  44   1          LCD_DB = dat;
  45   1          delay_ms(1);    // tsp1: 地址建立时间
  46   1      
  47   1          
  48   1          LCD_E = 1;
  49   1          delay_ms(1);    // tpw: E脉宽
  50   1          LCD_E = 0;
  51   1      }
  52          
  53          // 初始化
  54          void LCD_init(void)
C51 COMPILER V9.60.0.0   LCD1602                                                           05/24/2022 23:42:10 PAGE 2   

  55          {
  56   1          LCD_write_command(0x38);     // 显示模式设置
  57   1          LCD_write_command(0x0C);     // 开显示，不显示光标
  58   1          // LCD_write_command(0x08);      // 显示关闭
  59   1          LCD_write_command(0x01);     // 清屏
  60   1          LCD_write_command(0x06);     // 坐标指针自动加1
  61   1          // LED_Write_command(0x80);     // 数据指针起点
  62   1      }
  63          
  64          // 指定位置显示，x:0-15  y:0-1
  65          void LCD_display_char(u8 x, u8 y, u8 dat)
  66          {
  67   1          u8 pos;
  68   1      
  69   1          if ( 0 == y ) {
  70   2              pos = 0x80 + x;
  71   2          } else {
  72   2              pos = 0x80 + 0x40 + x;
  73   2          }
  74   1          
  75   1          LCD_write_command(pos);    // 数据指针位置
  76   1          LCD_write_data(dat);
  77   1      }
  78          
  79          // 检查忙函数
  80          // void LCD_check_busy(void)
  81          // {
  82          
  83          // }
  84          
  85          
  86          


MODULE INFORMATION:   STATIC OVERLAYABLE
   CODE SIZE        =    129    ----
   CONSTANT SIZE    =   ----    ----
   XDATA SIZE       =   ----    ----
   PDATA SIZE       =   ----    ----
   DATA SIZE        =   ----    ----
   IDATA SIZE       =   ----    ----
   BIT SIZE         =   ----    ----
END OF MODULE INFORMATION.


C51 COMPILATION COMPLETE.  0 WARNING(S),  0 ERROR(S)
