C51 COMPILER V9.60.0.0   MAIN                                                              05/24/2022 23:42:10 PAGE 1   


C51 COMPILER V9.60.0.0, COMPILATION OF MODULE MAIN
OBJECT MODULE PLACED IN .\Objects\main.obj
COMPILER INVOKED BY: C:\Keil\Keil_v5\C51\BIN\C51.EXE main.c OPTIMIZE(8,SPEED) BROWSE DEBUG OBJECTEXTEND PRINT(.\Listings
                    -\main.lst) TABS(2) OBJECT(.\Objects\main.obj)

line level    source

   1          #include <REG52.H>
   2          #include <string.h>
   3          #include "LCD1602.h"
   4          
   5          u8 code Disp[] = "pokeai.cn";
   6          
   7          void main()
   8          {
   9   1          u8 i;
  10   1      
  11   1          LCD_init();
  12   1          // while (1) {
  13   1          //    for ( i = 0; i < strlen(Disp); i++ ) {
  14   1          //        LCD_display_char(i, 0, Disp[i]);
  15   1          //    } 
  16   1          // }
  17   1      
  18   1          for ( i = 0; i < strlen(Disp); i++ ) {
  19   2                 LCD_display_char(i+3, 0, Disp[i]);
  20   2                 delay_ms(50);
  21   2          }
  22   1          while(1);
  23   1             
  24   1          
  25   1      }


MODULE INFORMATION:   STATIC OVERLAYABLE
   CODE SIZE        =     53    ----
   CONSTANT SIZE    =     10    ----
   XDATA SIZE       =   ----    ----
   PDATA SIZE       =   ----    ----
   DATA SIZE        =   ----       1
   IDATA SIZE       =   ----    ----
   BIT SIZE         =   ----    ----
END OF MODULE INFORMATION.


C51 COMPILATION COMPLETE.  0 WARNING(S),  0 ERROR(S)
