C51 COMPILER V9.60.0.0   DA_PWM                                                            05/22/2022 12:27:53 PAGE 1   


C51 COMPILER V9.60.0.0, COMPILATION OF MODULE DA_PWM
OBJECT MODULE PLACED IN .\Objects\da_pwm.obj
COMPILER INVOKED BY: C:\Keil\Keil_v5\C51\BIN\C51.EXE da_pwm.c OPTIMIZE(8,SPEED) BROWSE DEBUG OBJECTEXTEND PRINT(.\Listin
                    -gs\da_pwm.lst) TABS(2) OBJECT(.\Objects\da_pwm.obj)

line level    source

   1          #include <REG52.H>
   2          
   3          #define CYCLE 1000
   4          #define PWM_WD 600
   5          
   6          typedef unsigned char u8;
   7          typedef unsigned int u16;
   8          
   9          sbit pwm = P2^1;
  10          
  11          u16 t0, cnt;
  12          bit DIR; 
  13          
  14          void timer0_init()
  15          {
  16   1          TMOD |= 0x01;
  17   1      
  18   1          TH0 = 0xFF;
  19   1          TL0 = 0xFF;
  20   1      
  21   1          ET0 = 1;
  22   1          EA = 1;
  23   1          TR0 = 1;
  24   1      }
  25          
  26          void timer0() interrupt 1
  27          {
  28   1          TH0 = 0xFF;     // 1us
  29   1          TL0 = 0xFF;
  30   1      
  31   1          t0++;   // 一个周期
  32   1          cnt++;    // 占空比
  33   1      }
  34          
  35          void main()
  36          {
  37   1          timer0_init();
  38   1      
  39   1          pwm = 1;
  40   1          while (1) {
  41   2              if ( cnt > PWM_WD ) { 
  42   3                  cnt = 0;
  43   3                  pwm = 0;
  44   3              }
  45   2      
  46   2              if ( t0 > CYCLE ) {
  47   3                  t0 = 0;
  48   3                  cnt = 0;
  49   3                  pwm = 1;
  50   3              }
  51   2          }
  52   1          
  53   1      }

C51 COMPILER V9.60.0.0   DA_PWM                                                            05/22/2022 12:27:53 PAGE 2   


MODULE INFORMATION:   STATIC OVERLAYABLE
   CODE SIZE        =     90    ----
   CONSTANT SIZE    =   ----    ----
   XDATA SIZE       =   ----    ----
   PDATA SIZE       =   ----    ----
   DATA SIZE        =      4    ----
   IDATA SIZE       =   ----    ----
   BIT SIZE         =      1    ----
END OF MODULE INFORMATION.


C51 COMPILATION COMPLETE.  0 WARNING(S),  0 ERROR(S)
