C51 COMPILER V9.60.0.0   AD                                                                05/23/2022 19:04:23 PAGE 1   


C51 COMPILER V9.60.0.0, COMPILATION OF MODULE AD
OBJECT MODULE PLACED IN .\Objects\ad.obj
COMPILER INVOKED BY: C:\Keil\Keil_v5\C51\BIN\C51.EXE ad.c OPTIMIZE(8,SPEED) BROWSE DEBUG OBJECTEXTEND PRINT(.\Listings\a
                    -d.lst) TABS(2) OBJECT(.\Objects\ad.obj)

line level    source

   1          /* AD模块：可结合热敏电阻、光敏电阻进行一系列控制
   2            该工程采用模块化编程，其中 XPT2046 AD芯片、数码管都采用单独文件编写驱动程
             -序
   3          */
   4          
   5          #include <REG52.H>
   6          #include "xpt2046.h"
   7          #include "smg.h"
   8          
   9          // typedef unsigned char u8;
  10          // typedef unsigned int u16;
  11          
  12          
  13          void main()
  14          {
  15   1          u8 i = 0;
  16   1          u16 dat;
  17   1      
  18   1          while (1) {
  19   2              if ( 50 == i++ ) {
  20   3                  i = 0;
  21   3                  // dat = Read_AD_Data(0x94);    // 电位器
  22   3                  // dat = Read_AD_Data(0xD4);    // NTC
  23   3                  dat = Read_AD_Data(0xA4);    // 光敏
  24   3                  // dat = Read_AD_Data(0xE4);    // 外部
  25   3              }
  26   2              dig_display(dat);
  27   2          }
  28   1      }


MODULE INFORMATION:   STATIC OVERLAYABLE
   CODE SIZE        =     32    ----
   CONSTANT SIZE    =   ----    ----
   XDATA SIZE       =   ----    ----
   PDATA SIZE       =   ----    ----
   DATA SIZE        =   ----       3
   IDATA SIZE       =   ----    ----
   BIT SIZE         =   ----    ----
END OF MODULE INFORMATION.


C51 COMPILATION COMPLETE.  0 WARNING(S),  0 ERROR(S)
