C51 COMPILER V9.60.0.0   SMG                                                               05/23/2022 19:04:23 PAGE 1   


C51 COMPILER V9.60.0.0, COMPILATION OF MODULE SMG
OBJECT MODULE PLACED IN .\Objects\smg.obj
COMPILER INVOKED BY: C:\Keil\Keil_v5\C51\BIN\C51.EXE smg.c OPTIMIZE(8,SPEED) BROWSE DEBUG OBJECTEXTEND PRINT(.\Listings\
                    -smg.lst) TABS(2) OBJECT(.\Objects\smg.obj)

line level    source

   1          #include "smg.h"
   2          
   3          // 数码管段选表，显示 0~F
   4          u8 code SMG_DUAN_Table[] = {
   5              0x3f,0x06,0x5b,0x4f,0x66,0x6d,0x7d,0x07,
   6            0x7f,0x6f,0x77,0x7c,0x39,0x5e,0x79,0x71,
   7          };      
   8          
   9          // 内部辅助函数
  10          static void delay(u16 n)
  11          {
  12   1          while (n--);
  13   1      }
  14          
  15          // 数码管动态扫描
  16          void dig_display(u16 num)
  17          {
  18   1          u8 i;
  19   1          u8 disp[4];
  20   1          // 千百十个
  21   1          disp[0] = SMG_DUAN_Table[num / 1000];
  22   1          disp[1] = SMG_DUAN_Table[num % 1000 / 100];
  23   1          disp[2] = SMG_DUAN_Table[num % 1000 % 100 / 10];
  24   1          disp[3] = SMG_DUAN_Table[num % 1000 % 100 % 10];
  25   1      
  26   1          for ( i = 0; i < 4; i++ ) {
  27   2              switch(i) {
  28   3                  case 0: LSC = 0; LSB = 0; LSA = 0; break;
  29   3                  case 1: LSC = 0; LSB = 0; LSA = 1; break;
  30   3                  case 2: LSC = 0; LSB = 1; LSA = 0; break;
  31   3                  case 3: LSC = 0; LSB = 1; LSA = 1; break;
  32   3              }
  33   2              SMG_DUAN = disp[i];
  34   2              delay(100);
  35   2              SMG_DUAN = 0x00;    // 消隐
  36   2          }
  37   1      }


MODULE INFORMATION:   STATIC OVERLAYABLE
   CODE SIZE        =    253    ----
   CONSTANT SIZE    =     16    ----
   XDATA SIZE       =   ----    ----
   PDATA SIZE       =   ----    ----
   DATA SIZE        =   ----       4
   IDATA SIZE       =   ----    ----
   BIT SIZE         =   ----    ----
END OF MODULE INFORMATION.


C51 COMPILATION COMPLETE.  0 WARNING(S),  0 ERROR(S)
